<?xml version="1.0" encoding="UTF-8"?>
<!-- Generated by org.testng.reporters.JUnitReportReporter -->
<testsuite hostname="DESKTOP-CPP4KJA" failures="0" tests="1" name="divyaagnihotri.SeleniumFrameworkDesign.ErrorValidations" time="4.019" errors="0" timestamp="2023-01-15T19:31:12 IST" skipped="0">
  <testcase classname="divyaagnihotri.SeleniumFrameworkDesign.ErrorValidations" name="invalidLoginError" time="4.019"/>
  <system-out/>
</testsuite> <!-- divyaagnihotri.SeleniumFrameworkDesign.ErrorValidations -->
