<?xml version="1.0" encoding="UTF-8"?>
<!-- Generated by org.testng.reporters.JUnitReportReporter -->
<testsuite hostname="DESKTOP-CPP4KJA" failures="0" tests="1" name="divyaagnihotri.SeleniumFrameworkDesign.StandAloneTest" time="21.793" errors="0" timestamp="2023-01-15T18:22:16 IST" skipped="0">
  <testcase classname="divyaagnihotri.SeleniumFrameworkDesign.StandAloneTest" name="submitOrder" time="21.793"/>
  <system-out/>
</testsuite> <!-- divyaagnihotri.SeleniumFrameworkDesign.StandAloneTest -->
